TN:
SF:src\components\auth\AuthForm.tsx
FN:26,(anonymous_9)
FN:33,(anonymous_10)
FN:61,(anonymous_11)
FN:67,(anonymous_12)
FN:99,(anonymous_13)
FN:128,(anonymous_14)
FNF:6
FNH:1
FNDA:12,(anonymous_9)
FNDA:0,(anonymous_10)
FNDA:0,(anonymous_11)
FNDA:0,(anonymous_12)
FNDA:0,(anonymous_13)
FNDA:0,(anonymous_14)
DA:1,1
DA:2,1
DA:9,1
DA:11,1
DA:18,1
DA:26,1
DA:27,12
DA:28,12
DA:29,12
DA:30,12
DA:31,12
DA:33,12
DA:34,0
DA:37,0
DA:38,0
DA:39,0
DA:40,0
DA:41,0
DA:42,0
DA:44,0
DA:48,0
DA:49,0
DA:50,0
DA:51,0
DA:52,0
DA:53,0
DA:55,0
DA:58,0
DA:61,12
DA:62,0
DA:63,0
DA:67,12
DA:68,0
DA:71,12
DA:100,0
DA:101,0
DA:129,0
DA:130,0
DA:178,1
DA:254,1
LF:40
LH:17
BRDA:37,0,0,0
BRDA:37,0,1,0
BRDA:40,1,0,0
BRDA:40,1,1,0
BRDA:48,2,0,0
BRDA:48,2,1,0
BRDA:51,3,0,0
BRDA:51,3,1,0
BRDA:62,4,0,0
BRDA:75,5,0,10
BRDA:75,5,1,2
BRDA:78,6,0,10
BRDA:78,6,1,2
BRDA:95,7,0,0
BRDA:95,7,1,12
BRDA:101,8,0,0
BRDA:109,9,0,0
BRDA:109,9,1,12
BRDA:124,10,0,0
BRDA:124,10,1,12
BRDA:130,11,0,0
BRDA:144,12,0,0
BRDA:144,12,1,12
BRDA:150,13,0,0
BRDA:150,13,1,12
BRDA:159,14,0,12
BRDA:159,14,1,2
BRDA:166,15,0,2
BRDA:166,15,1,10
BRDA:168,16,0,8
BRDA:168,16,1,2
BRF:31
BRH:15
end_of_record
TN:
SF:src\components\badges\BadgeCard.tsx
FN:22,(anonymous_1)
FN:23,(anonymous_2)
FN:51,(anonymous_3)
FNF:3
FNH:2
FNDA:6,(anonymous_1)
FNDA:6,(anonymous_2)
FNDA:0,(anonymous_3)
DA:1,1
DA:2,1
DA:4,1
DA:12,1
DA:13,1
DA:22,1
DA:23,6
DA:24,6
DA:26,1
DA:32,1
DA:38,4
DA:46,6
DA:48,6
DA:51,0
DA:78,1
DA:112,1
DA:116,1
LF:17
LH:16
BRDA:22,0,0,4
BRDA:24,1,0,1
BRDA:24,1,1,1
BRDA:24,1,2,4
BRF:4
BRH:4
end_of_record
TN:
SF:src\components\badges\BadgeGrid.tsx
FN:23,(anonymous_1)
FN:31,(anonymous_2)
FN:39,(anonymous_3)
FN:53,(anonymous_4)
FNF:4
FNH:0
FNDA:0,(anonymous_1)
FNDA:0,(anonymous_2)
FNDA:0,(anonymous_3)
FNDA:0,(anonymous_4)
DA:1,0
DA:2,0
DA:9,0
DA:11,0
DA:23,0
DA:31,0
DA:32,0
DA:39,0
DA:40,0
DA:41,0
DA:48,0
DA:53,0
DA:78,0
DA:91,0
LF:14
LH:0
BRDA:27,0,0,0
BRDA:28,1,0,0
BRDA:29,2,0,0
BRDA:40,3,0,0
BRDA:40,3,1,0
BRDA:40,4,0,0
BRDA:40,4,1,0
BRDA:59,5,0,0
BRDA:59,5,1,0
BRF:9
BRH:0
end_of_record
TN:
SF:src\components\badges\BadgeImage.tsx
FN:15,(anonymous_10)
FN:24,(anonymous_11)
FN:28,(anonymous_12)
FN:107,(anonymous_13)
FN:111,(anonymous_14)
FNF:5
FNH:0
FNDA:0,(anonymous_10)
FNDA:0,(anonymous_11)
FNDA:0,(anonymous_12)
FNDA:0,(anonymous_13)
FNDA:0,(anonymous_14)
DA:1,0
DA:2,0
DA:3,0
DA:5,0
DA:6,0
DA:15,0
DA:20,0
DA:21,0
DA:22,0
DA:24,0
DA:25,0
DA:28,0
DA:29,0
DA:30,0
DA:31,0
DA:34,0
DA:40,0
DA:41,0
DA:42,0
DA:44,0
DA:48,0
DA:49,0
DA:50,0
DA:52,0
DA:56,0
DA:57,0
DA:59,0
DA:63,0
DA:64,0
DA:81,0
DA:82,0
DA:83,0
DA:99,0
DA:102,0
DA:108,0
DA:109,0
DA:112,0
DA:118,0
LF:38
LH:0
BRDA:18,0,0,0
BRDA:34,1,0,0
BRDA:34,1,1,0
BRDA:35,2,0,0
BRDA:35,2,1,0
BRDA:35,2,2,0
BRDA:41,3,0,0
BRDA:41,3,1,0
BRDA:49,4,0,0
BRDA:49,4,1,0
BRDA:63,5,0,0
BRDA:81,6,0,0
BRDA:81,7,0,0
BRDA:81,7,1,0
BRDA:82,8,0,0
BRF:15
BRH:0
end_of_record
TN:
SF:src\components\badges\BadgeUnlockAnimation.tsx
FN:22,(anonymous_10)
FN:32,(anonymous_11)
FN:38,(anonymous_12)
FN:78,(anonymous_13)
FN:80,(anonymous_14)
FNF:5
FNH:0
FNDA:0,(anonymous_10)
FNDA:0,(anonymous_11)
FNDA:0,(anonymous_12)
FNDA:0,(anonymous_13)
FNDA:0,(anonymous_14)
DA:1,0
DA:2,0
DA:4,0
DA:12,0
DA:20,0
DA:22,0
DA:27,0
DA:28,0
DA:29,0
DA:30,0
DA:32,0
DA:33,0
DA:34,0
DA:38,0
DA:40,0
DA:41,0
DA:42,0
DA:43,0
DA:46,0
DA:80,0
DA:81,0
DA:86,0
DA:91,0
DA:93,0
DA:124,0
DA:175,0
LF:26
LH:0
BRDA:33,0,0,0
BRDA:91,1,0,0
BRF:2
BRH:0
end_of_record
TN:
SF:src\components\camera\CameraControls.tsx
FN:17,(anonymous_1)
FN:25,(anonymous_2)
FN:41,(anonymous_3)
FN:45,(anonymous_4)
FNF:4
FNH:0
FNDA:0,(anonymous_1)
FNDA:0,(anonymous_2)
FNDA:0,(anonymous_3)
FNDA:0,(anonymous_4)
DA:1,0
DA:2,0
DA:3,0
DA:5,0
DA:17,0
DA:25,0
DA:26,0
DA:28,0
DA:29,0
DA:31,0
DA:32,0
DA:34,0
DA:35,0
DA:37,0
DA:41,0
DA:42,0
DA:45,0
DA:46,0
DA:48,0
DA:50,0
DA:53,0
DA:57,0
DA:93,0
DA:137,0
DA:141,0
LF:25
LH:0
BRDA:23,0,0,0
BRDA:26,1,0,0
BRDA:26,1,1,0
BRDA:26,1,2,0
BRDA:26,1,3,0
BRDA:42,2,0,0
BRDA:42,2,1,0
BRDA:46,3,0,0
BRDA:46,3,1,0
BRDA:46,3,2,0
BRDA:46,3,3,0
BRDA:81,4,0,0
BRDA:81,4,1,0
BRF:13
BRH:0
end_of_record
TN:
SF:src\components\camera\CameraPreview.tsx
FN:14,(anonymous_1)
FNF:1
FNH:0
FNDA:0,(anonymous_1)
DA:1,0
DA:2,0
DA:3,0
DA:14,0
DA:21,0
DA:36,0
DA:45,0
DA:50,0
LF:8
LH:0
BRF:0
BRH:0
end_of_record
TN:
SF:src\components\common\LoadingScreen.tsx
FN:15,(anonymous_1)
FNF:1
FNH:1
FNDA:4,(anonymous_1)
DA:1,1
DA:2,1
DA:3,1
DA:15,1
DA:16,4
DA:32,1
DA:58,1
DA:62,1
LF:8
LH:8
BRDA:15,0,0,3
BRF:1
BRH:1
end_of_record
TN:
SF:src\navigation\AppNavigator.tsx
FN:25,(anonymous_1)
FN:29,(anonymous_2)
FN:30,(anonymous_3)
FN:87,(anonymous_4)
FN:112,(anonymous_5)
FNF:5
FNH:0
FNDA:0,(anonymous_1)
FNDA:0,(anonymous_2)
FNDA:0,(anonymous_3)
FNDA:0,(anonymous_4)
FNDA:0,(anonymous_5)
DA:1,0
DA:2,0
DA:3,0
DA:4,0
DA:6,0
DA:10,0
DA:11,0
DA:12,0
DA:13,0
DA:14,0
DA:15,0
DA:17,0
DA:18,0
DA:25,0
DA:26,0
DA:29,0
DA:33,0
DA:34,0
DA:35,0
DA:36,0
DA:37,0
DA:38,0
DA:40,0
DA:43,0
DA:87,0
DA:91,0
DA:114,0
DA:149,0
LF:28
LH:0
BRDA:33,0,0,0
BRDA:33,0,1,0
BRDA:34,1,0,0
BRDA:34,1,1,0
BRDA:35,2,0,0
BRDA:35,2,1,0
BRDA:36,3,0,0
BRDA:36,3,1,0
BRDA:37,4,0,0
BRDA:37,4,1,0
BRDA:38,5,0,0
BRDA:38,5,1,0
BRDA:104,6,0,0
BRDA:104,6,1,0
BRF:14
BRH:0
end_of_record
TN:
SF:src\screens\AnalysisScreen.tsx
FN:42,(anonymous_10)
FN:53,(anonymous_11)
FN:57,(anonymous_12)
FN:75,(anonymous_13)
FN:80,(anonymous_14)
FN:86,(anonymous_15)
FN:94,(anonymous_16)
FN:98,(anonymous_17)
FNF:8
FNH:0
FNDA:0,(anonymous_10)
FNDA:0,(anonymous_11)
FNDA:0,(anonymous_12)
FNDA:0,(anonymous_13)
FNDA:0,(anonymous_14)
FNDA:0,(anonymous_15)
FNDA:0,(anonymous_16)
FNDA:0,(anonymous_17)
DA:1,0
DA:2,0
DA:11,0
DA:12,0
DA:17,0
DA:25,0
DA:26,0
DA:27,0
DA:40,0
DA:42,0
DA:46,0
DA:48,0
DA:49,0
DA:50,0
DA:51,0
DA:53,0
DA:54,0
DA:57,0
DA:58,0
DA:59,0
DA:60,0
DA:62,0
DA:63,0
DA:66,0
DA:68,0
DA:69,0
DA:71,0
DA:75,0
DA:76,0
DA:77,0
DA:80,0
DA:81,0
DA:82,0
DA:86,0
DA:88,0
DA:94,0
DA:95,0
DA:98,0
DA:100,0
DA:104,0
DA:105,0
DA:115,0
DA:116,0
DA:180,0
DA:230,0
DA:436,0
LF:46
LH:0
BRDA:69,0,0,0
BRDA:69,0,1,0
BRDA:81,1,0,0
BRDA:104,2,0,0
BRDA:104,3,0,0
BRDA:104,3,1,0
BRDA:115,4,0,0
BRDA:115,5,0,0
BRDA:115,5,1,0
BRDA:115,5,2,0
BRDA:189,6,0,0
BRDA:189,6,1,0
BRDA:199,7,0,0
BRDA:199,7,1,0
BRDA:199,7,2,0
BRF:15
BRH:0
end_of_record
TN:
SF:src\screens\AuthScreen.tsx
FN:31,(anonymous_10)
FN:42,(anonymous_11)
FN:74,(anonymous_12)
FN:95,(anonymous_13)
FN:166,(anonymous_14)
FNF:5
FNH:0
FNDA:0,(anonymous_10)
FNDA:0,(anonymous_11)
FNDA:0,(anonymous_12)
FNDA:0,(anonymous_13)
FNDA:0,(anonymous_14)
DA:1,0
DA:2,0
DA:13,0
DA:14,0
DA:16,0
DA:24,0
DA:31,0
DA:35,0
DA:36,0
DA:37,0
DA:38,0
DA:39,0
DA:40,0
DA:42,0
DA:43,0
DA:44,0
DA:45,0
DA:48,0
DA:49,0
DA:50,0
DA:53,0
DA:55,0
DA:58,0
DA:59,0
DA:61,0
DA:64,0
DA:65,0
DA:66,0
DA:68,0
DA:75,0
DA:76,0
DA:77,0
DA:78,0
DA:83,0
DA:85,0
DA:89,0
DA:91,0
DA:95,0
DA:96,0
DA:97,0
DA:98,0
DA:99,0
DA:102,0
DA:166,0
DA:216,0
DA:317,0
LF:46
LH:0
BRDA:43,0,0,0
BRDA:43,1,0,0
BRDA:43,1,1,0
BRDA:48,2,0,0
BRDA:48,3,0,0
BRDA:48,3,1,0
BRDA:58,4,0,0
BRDA:58,4,1,0
BRDA:64,5,0,0
BRDA:64,5,1,0
BRDA:66,6,0,0
BRDA:66,6,1,0
BRDA:83,7,0,0
BRDA:83,8,0,0
BRDA:83,8,1,0
BRDA:105,9,0,0
BRDA:105,9,1,0
BRDA:120,10,0,0
BRDA:120,10,1,0
BRDA:170,11,0,0
BRDA:170,11,1,0
BRDA:178,12,0,0
BRDA:178,12,1,0
BRDA:183,13,0,0
BRDA:183,13,1,0
BRDA:185,14,0,0
BRDA:185,14,1,0
BRDA:196,15,0,0
BRDA:196,15,1,0
BRDA:202,16,0,0
BRDA:202,16,1,0
BRF:31
BRH:0
end_of_record
TN:
SF:src\screens\BadgeDetailScreen.tsx
FN:39,(anonymous_1)
FN:45,(anonymous_2)
FN:57,(anonymous_3)
FN:74,(anonymous_4)
FNF:4
FNH:0
FNDA:0,(anonymous_1)
FNDA:0,(anonymous_2)
FNDA:0,(anonymous_3)
FNDA:0,(anonymous_4)
DA:1,0
DA:2,0
DA:11,0
DA:12,0
DA:17,0
DA:24,0
DA:25,0
DA:26,0
DA:39,0
DA:43,0
DA:45,0
DA:46,0
DA:58,0
DA:59,0
DA:60,0
DA:61,0
DA:63,0
DA:66,0
DA:74,0
DA:76,0
DA:82,0
DA:149,0
DA:278,0
LF:23
LH:0
BRDA:60,0,0,0
BRDA:60,0,1,0
BRDA:118,1,0,0
BRDA:118,1,1,0
BRF:4
BRH:0
end_of_record
TN:
SF:src\screens\CameraScreen.tsx
FN:29,(anonymous_9)
FN:40,(anonymous_10)
FN:46,(anonymous_11)
FN:54,(anonymous_12)
FN:63,(anonymous_13)
FN:72,(anonymous_14)
FN:74,(anonymous_15)
FN:79,(anonymous_16)
FN:84,(anonymous_17)
FN:85,(anonymous_18)
FN:94,(anonymous_19)
FN:103,(anonymous_20)
FN:119,(anonymous_21)
FN:127,(anonymous_22)
FN:150,(anonymous_23)
FN:158,(anonymous_24)
FN:160,(anonymous_25)
FN:163,(anonymous_26)
FN:168,(anonymous_27)
FN:170,(anonymous_28)
FN:185,(anonymous_29)
FN:195,(anonymous_30)
FN:200,(anonymous_31)
FN:261,(anonymous_32)
FN:265,(anonymous_33)
FNF:25
FNH:0
FNDA:0,(anonymous_9)
FNDA:0,(anonymous_10)
FNDA:0,(anonymous_11)
FNDA:0,(anonymous_12)
FNDA:0,(anonymous_13)
FNDA:0,(anonymous_14)
FNDA:0,(anonymous_15)
FNDA:0,(anonymous_16)
FNDA:0,(anonymous_17)
FNDA:0,(anonymous_18)
FNDA:0,(anonymous_19)
FNDA:0,(anonymous_20)
FNDA:0,(anonymous_21)
FNDA:0,(anonymous_22)
FNDA:0,(anonymous_23)
FNDA:0,(anonymous_24)
FNDA:0,(anonymous_25)
FNDA:0,(anonymous_26)
FNDA:0,(anonymous_27)
FNDA:0,(anonymous_28)
FNDA:0,(anonymous_29)
FNDA:0,(anonymous_30)
FNDA:0,(anonymous_31)
FNDA:0,(anonymous_32)
FNDA:0,(anonymous_33)
DA:1,0
DA:2,0
DA:3,0
DA:4,0
DA:5,0
DA:6,0
DA:15,0
DA:29,0
DA:30,0
DA:31,0
DA:32,0
DA:34,0
DA:35,0
DA:36,0
DA:37,0
DA:38,0
DA:40,0
DA:41,0
DA:45,0
DA:47,0
DA:48,0
DA:51,0
DA:54,0
DA:55,0
DA:56,0
DA:57,0
DA:59,0
DA:63,0
DA:64,0
DA:65,0
DA:66,0
DA:72,0
DA:73,0
DA:74,0
DA:75,0
DA:76,0
DA:79,0
DA:84,0
DA:85,0
DA:86,0
DA:87,0
DA:88,0
DA:89,0
DA:94,0
DA:95,0
DA:96,0
DA:97,0
DA:98,0
DA:100,0
DA:101,0
DA:103,0
DA:104,0
DA:105,0
DA:108,0
DA:109,0
DA:112,0
DA:113,0
DA:114,0
DA:119,0
DA:120,0
DA:127,0
DA:128,0
DA:129,0
DA:130,0
DA:131,0
DA:134,0
DA:135,0
DA:136,0
DA:138,0
DA:143,0
DA:144,0
DA:146,0
DA:147,0
DA:150,0
DA:151,0
DA:154,0
DA:158,0
DA:159,0
DA:160,0
DA:163,0
DA:164,0
DA:168,0
DA:169,0
DA:170,0
DA:171,0
DA:173,0
DA:175,0
DA:177,0
DA:179,0
DA:185,0
DA:186,0
DA:187,0
DA:190,0
DA:191,0
DA:195,0
DA:196,0
DA:200,0
DA:201,0
DA:203,0
DA:205,0
DA:208,0
DA:213,0
DA:214,0
DA:223,0
DA:224,0
DA:233,0
DA:234,0
DA:247,0
DA:262,0
DA:263,0
DA:266,0
DA:267,0
DA:339,0
DA:450,0
LF:114
LH:0
BRDA:55,0,0,0
BRDA:55,0,1,0
BRDA:73,1,0,0
BRDA:73,2,0,0
BRDA:73,2,1,0
BRDA:88,3,0,0
BRDA:100,4,0,0
BRDA:100,4,1,0
BRDA:128,5,0,0
BRDA:128,6,0,0
BRDA:128,6,1,0
BRDA:128,6,2,0
BRDA:160,7,0,0
BRDA:160,7,1,0
BRDA:171,8,0,0
BRDA:171,8,1,0
BRDA:171,8,2,0
BRDA:171,8,3,0
BRDA:190,9,0,0
BRDA:201,10,0,0
BRDA:201,10,1,0
BRDA:201,10,2,0
BRDA:201,10,3,0
BRDA:213,11,0,0
BRDA:223,12,0,0
BRDA:233,13,0,0
BRDA:250,14,0,0
BRDA:250,14,1,0
BRDA:250,14,2,0
BRDA:258,15,0,0
BRDA:258,15,1,0
BRDA:289,16,0,0
BRDA:289,16,1,0
BRDA:298,17,0,0
BRDA:298,17,1,0
BRDA:323,18,0,0
BRDA:323,18,1,0
BRDA:323,18,2,0
BRDA:327,19,0,0
BRDA:327,19,1,0
BRF:40
BRH:0
end_of_record
TN:
SF:src\screens\GalleryScreen.tsx
FN:35,(anonymous_10)
FN:42,(anonymous_11)
FN:47,(anonymous_12)
FN:85,(anonymous_13)
FN:103,(anonymous_14)
FN:109,(anonymous_15)
FN:113,(anonymous_16)
FN:116,(anonymous_17)
FN:123,(anonymous_18)
FN:132,(anonymous_19)
FN:148,(anonymous_20)
FN:162,(anonymous_21)
FNF:12
FNH:0
FNDA:0,(anonymous_10)
FNDA:0,(anonymous_11)
FNDA:0,(anonymous_12)
FNDA:0,(anonymous_13)
FNDA:0,(anonymous_14)
FNDA:0,(anonymous_15)
FNDA:0,(anonymous_16)
FNDA:0,(anonymous_17)
FNDA:0,(anonymous_18)
FNDA:0,(anonymous_19)
FNDA:0,(anonymous_20)
FNDA:0,(anonymous_21)
DA:1,0
DA:2,0
DA:11,0
DA:12,0
DA:13,0
DA:17,0
DA:25,0
DA:26,0
DA:27,0
DA:28,0
DA:35,0
DA:36,0
DA:37,0
DA:38,0
DA:39,0
DA:41,0
DA:43,0
DA:47,0
DA:48,0
DA:49,0
DA:52,0
DA:53,0
DA:54,0
DA:55,0
DA:59,0
DA:60,0
DA:64,0
DA:65,0
DA:66,0
DA:69,0
DA:70,0
DA:71,0
DA:73,0
DA:74,0
DA:86,0
DA:87,0
DA:88,0
DA:89,0
DA:91,0
DA:97,0
DA:99,0
DA:103,0
DA:104,0
DA:105,0
DA:106,0
DA:109,0
DA:110,0
DA:113,0
DA:114,0
DA:116,0
DA:123,0
DA:124,0
DA:132,0
DA:139,0
DA:140,0
DA:143,0
DA:148,0
DA:162,0
DA:176,0
DA:258,0
LF:60
LH:0
BRDA:53,0,0,0
BRDA:65,1,0,0
BRDA:139,2,0,0
BRF:3
BRH:0
end_of_record
TN:
SF:src\screens\ProfileScreen.tsx
FN:25,(anonymous_10)
FN:35,(anonymous_11)
FN:39,(anonymous_12)
FN:57,(anonymous_13)
FN:66,(anonymous_14)
FN:78,(anonymous_15)
FN:90,(anonymous_16)
FN:108,(anonymous_17)
FNF:8
FNH:0
FNDA:0,(anonymous_10)
FNDA:0,(anonymous_11)
FNDA:0,(anonymous_12)
FNDA:0,(anonymous_13)
FNDA:0,(anonymous_14)
FNDA:0,(anonymous_15)
FNDA:0,(anonymous_16)
FNDA:0,(anonymous_17)
DA:1,0
DA:2,0
DA:10,0
DA:11,0
DA:13,0
DA:21,0
DA:22,0
DA:23,0
DA:25,0
DA:26,0
DA:27,0
DA:33,0
DA:35,0
DA:36,0
DA:39,0
DA:40,0
DA:41,0
DA:44,0
DA:45,0
DA:48,0
DA:49,0
DA:51,0
DA:53,0
DA:57,0
DA:58,0
DA:67,0
DA:68,0
DA:71,0
DA:78,0
DA:79,0
DA:91,0
DA:92,0
DA:93,0
DA:94,0
DA:95,0
DA:97,0
DA:100,0
DA:108,0
DA:110,0
DA:116,0
DA:117,0
DA:120,0
DA:233,0
DA:394,0
LF:44
LH:0
BRDA:93,0,0,0
BRDA:93,0,1,0
BRDA:116,1,0,0
BRDA:131,2,0,0
BRDA:131,2,1,0
BRDA:161,3,0,0
BRDA:161,3,1,0
BRF:7
BRH:0
end_of_record
TN:
SF:src\services\api.ts
FN:8,(anonymous_0)
FN:10,(anonymous_1)
FN:21,(anonymous_2)
FN:36,(anonymous_3)
FN:110,(anonymous_4)
FN:120,(anonymous_5)
FN:159,(anonymous_6)
FN:275,(anonymous_7)
FNF:8
FNH:5
FNDA:1,(anonymous_0)
FNDA:1,(anonymous_1)
FNDA:5,(anonymous_2)
FNDA:0,(anonymous_3)
FNDA:6,(anonymous_4)
FNDA:0,(anonymous_5)
FNDA:0,(anonymous_6)
FNDA:3,(anonymous_7)
DA:2,1
DA:3,1
DA:11,1
DA:12,1
DA:14,1
DA:24,5
DA:25,5
DA:26,5
DA:32,5
DA:33,5
DA:35,5
DA:37,0
DA:46,0
DA:47,0
DA:49,0
DA:50,0
DA:51,0
DA:52,0
DA:57,0
DA:63,5
DA:64,0
DA:67,0
DA:69,0
DA:70,0
DA:76,0
DA:81,5
DA:83,5
DA:84,5
DA:85,0
DA:91,5
DA:92,0
DA:99,5
DA:113,6
DA:114,6
DA:115,6
DA:116,6
DA:117,6
DA:119,6
DA:121,0
DA:126,0
DA:127,0
DA:130,0
DA:137,6
DA:138,0
DA:139,0
DA:140,0
DA:143,0
DA:146,0
DA:150,0
DA:152,0
DA:153,0
DA:155,0
DA:158,0
DA:159,0
DA:161,0
DA:162,0
DA:166,0
DA:167,0
DA:172,0
DA:174,0
DA:175,0
DA:176,0
DA:177,0
DA:180,0
DA:186,0
DA:191,0
DA:197,0
DA:198,0
DA:199,0
DA:204,0
DA:210,0
DA:215,0
DA:216,0
DA:223,0
DA:227,0
DA:234,0
DA:236,0
DA:237,0
DA:243,0
DA:246,6
DA:248,6
DA:249,6
DA:250,0
DA:256,6
DA:257,0
DA:264,6
DA:276,3
DA:277,3
DA:282,2
DA:284,1
DA:285,1
DA:290,1
LF:92
LH:35
BRDA:11,0,0,1
BRDA:49,1,0,0
BRDA:67,2,0,0
BRDA:67,2,1,0
BRDA:69,3,0,0
BRDA:69,4,0,0
BRDA:69,4,1,0
BRDA:83,5,0,5
BRDA:84,6,0,0
BRDA:91,7,0,0
BRDA:126,8,0,0
BRDA:138,9,0,0
BRDA:138,9,1,0
BRDA:138,10,0,0
BRDA:138,10,1,0
BRDA:146,11,0,0
BRDA:146,11,1,0
BRDA:150,12,0,0
BRDA:150,12,1,0
BRDA:153,13,0,0
BRDA:161,14,0,0
BRDA:166,15,0,0
BRDA:166,15,1,0
BRDA:236,16,0,0
BRDA:248,17,0,6
BRDA:249,18,0,0
BRDA:256,19,0,0
BRF:27
BRH:3
end_of_record
TN:
SF:src\services\auth.ts
FN:15,(anonymous_1)
FN:17,(anonymous_2)
FN:27,(anonymous_3)
FN:72,(anonymous_4)
FN:78,(anonymous_5)
FN:158,(anonymous_6)
FN:164,(anonymous_7)
FN:236,(anonymous_8)
FN:268,(anonymous_9)
FN:275,(anonymous_10)
FN:282,(anonymous_11)
FN:290,(anonymous_12)
FN:305,(anonymous_13)
FNF:13
FNH:10
FNDA:1,(anonymous_1)
FNDA:1,(anonymous_2)
FNDA:3,(anonymous_3)
FNDA:3,(anonymous_4)
FNDA:3,(anonymous_5)
FNDA:3,(anonymous_6)
FNDA:3,(anonymous_7)
FNDA:2,(anonymous_8)
FNDA:1,(anonymous_9)
FNDA:0,(anonymous_10)
FNDA:0,(anonymous_11)
FNDA:0,(anonymous_12)
FNDA:1,(anonymous_13)
DA:2,1
DA:3,1
DA:4,1
DA:8,1
DA:18,1
DA:19,1
DA:21,1
DA:28,3
DA:29,3
DA:30,2
DA:32,2
DA:34,1
DA:36,1
DA:37,1
DA:45,0
DA:48,1
DA:56,2
DA:58,1
DA:59,1
DA:65,1
DA:73,3
DA:74,3
DA:75,3
DA:77,3
DA:79,3
DA:88,2
DA:89,1
DA:90,1
DA:94,0
DA:95,0
DA:97,0
DA:104,1
DA:110,1
DA:112,1
DA:113,1
DA:119,0
DA:128,0
DA:129,0
DA:131,0
DA:138,0
DA:140,3
DA:143,3
DA:144,3
DA:151,3
DA:159,3
DA:160,3
DA:161,3
DA:163,3
DA:165,3
DA:174,2
DA:175,1
DA:176,1
DA:180,0
DA:181,0
DA:186,0
DA:193,1
DA:199,1
DA:201,1
DA:202,1
DA:209,0
DA:216,0
DA:218,3
DA:221,3
DA:222,3
DA:229,3
DA:237,2
DA:239,2
DA:240,1
DA:242,1
DA:249,1
DA:251,1
DA:254,1
DA:261,1
DA:269,1
DA:276,0
DA:283,0
DA:291,0
DA:293,0
DA:294,0
DA:296,0
DA:297,0
DA:306,1
DA:309,1
DA:311,0
DA:312,0
DA:317,1
LF:86
LH:63
BRDA:18,0,0,1
BRDA:32,1,0,1
BRDA:32,1,1,1
BRDA:32,2,0,2
BRDA:32,2,1,1
BRDA:36,3,0,1
BRDA:36,3,1,0
BRDA:88,4,0,1
BRDA:89,5,0,1
BRDA:89,5,1,0
BRDA:94,6,0,0
BRDA:94,6,1,0
BRDA:112,7,0,1
BRDA:112,8,0,1
BRDA:112,8,1,0
BRDA:120,9,0,0
BRDA:120,9,1,0
BRDA:143,10,0,3
BRDA:143,10,1,0
BRDA:174,11,0,1
BRDA:175,12,0,1
BRDA:175,12,1,0
BRDA:180,13,0,0
BRDA:180,13,1,0
BRDA:201,14,0,1
BRDA:201,15,0,1
BRDA:201,15,1,0
BRDA:221,16,0,3
BRDA:221,16,1,0
BRF:29
BRH:16
end_of_record
TN:
SF:src\services\badges.ts
FN:9,(anonymous_1)
FN:11,(anonymous_2)
FN:22,(anonymous_3)
FN:71,(anonymous_4)
FN:85,(anonymous_5)
FN:101,(anonymous_6)
FN:117,(anonymous_7)
FN:135,(anonymous_8)
FN:155,(anonymous_9)
FN:160,(anonymous_10)
FN:171,(anonymous_11)
FN:205,(anonymous_12)
FN:218,(anonymous_13)
FN:226,(anonymous_14)
FN:234,(anonymous_15)
FN:257,(anonymous_16)
FN:282,(anonymous_17)
FN:298,(anonymous_18)
FN:312,(anonymous_19)
FN:352,(anonymous_20)
FNF:20
FNH:9
FNDA:1,(anonymous_1)
FNDA:1,(anonymous_2)
FNDA:5,(anonymous_3)
FNDA:4,(anonymous_4)
FNDA:3,(anonymous_5)
FNDA:0,(anonymous_6)
FNDA:2,(anonymous_7)
FNDA:0,(anonymous_8)
FNDA:0,(anonymous_9)
FNDA:0,(anonymous_10)
FNDA:0,(anonymous_11)
FNDA:2,(anonymous_12)
FNDA:1,(anonymous_13)
FNDA:0,(anonymous_14)
FNDA:0,(anonymous_15)
FNDA:0,(anonymous_16)
FNDA:2,(anonymous_17)
FNDA:0,(anonymous_18)
FNDA:0,(anonymous_19)
FNDA:0,(anonymous_20)
DA:3,1
DA:4,1
DA:12,1
DA:13,1
DA:15,1
DA:23,5
DA:25,5
DA:26,5
DA:27,4
DA:33,4
DA:34,4
DA:38,4
DA:39,1
DA:43,3
DA:46,3
DA:47,3
DA:48,2
DA:51,2
DA:52,2
DA:59,1
DA:61,1
DA:63,4
DA:64,4
DA:72,4
DA:73,4
DA:74,2
DA:75,2
DA:77,2
DA:78,2
DA:86,3
DA:87,3
DA:88,2
DA:89,1
DA:91,2
DA:93,1
DA:94,1
DA:102,0
DA:103,0
DA:104,0
DA:105,0
DA:107,0
DA:109,0
DA:110,0
DA:118,2
DA:119,2
DA:120,1
DA:121,1
DA:123,0
DA:125,1
DA:127,1
DA:128,1
DA:141,0
DA:142,0
DA:144,0
DA:145,0
DA:154,0
DA:155,0
DA:159,0
DA:161,0
DA:164,0
DA:167,0
DA:168,0
DA:170,0
DA:171,0
DA:174,0
DA:176,0
DA:184,0
DA:192,0
DA:193,0
DA:211,2
DA:212,2
DA:215,2
DA:216,2
DA:217,2
DA:219,1
DA:225,2
DA:226,2
DA:227,0
DA:228,0
DA:229,0
DA:230,0
DA:234,0
DA:235,0
DA:236,0
DA:237,0
DA:242,2
DA:243,0
DA:246,2
DA:247,2
DA:249,0
DA:250,0
DA:262,0
DA:263,0
DA:264,0
DA:266,0
DA:268,0
DA:274,0
DA:275,0
DA:283,2
DA:284,2
DA:285,0
DA:286,0
DA:288,0
DA:290,2
DA:291,2
DA:299,0
DA:300,0
DA:301,0
DA:302,0
DA:304,0
DA:305,0
DA:317,0
DA:318,0
DA:319,0
DA:320,0
DA:326,0
DA:327,0
DA:328,0
DA:334,0
DA:335,0
DA:341,0
DA:342,0
DA:356,0
DA:358,0
DA:360,0
DA:366,0
DA:367,0
DA:369,0
DA:370,0
DA:375,1
LF:130
LH:59
BRDA:12,0,0,1
BRDA:38,1,0,1
BRDA:88,2,0,1
BRDA:104,3,0,0
BRDA:120,4,0,1
BRDA:120,4,1,0
BRDA:144,5,0,0
BRDA:164,6,0,0
BRDA:164,6,1,0
BRDA:215,7,0,2
BRDA:219,8,0,1
BRDA:219,8,1,0
BRDA:225,9,0,2
BRDA:225,9,1,0
BRDA:230,10,0,0
BRDA:230,10,1,0
BRDA:237,11,0,0
BRDA:237,11,1,0
BRDA:242,12,0,0
BRDA:285,13,0,0
BRDA:301,14,0,0
BRDA:301,14,1,0
BRDA:319,15,0,0
BRDA:327,16,0,0
BRF:24
BRH:7
end_of_record
TN:
SF:src\services\camera.ts
FN:10,(anonymous_9)
FN:12,(anonymous_10)
FN:22,(anonymous_11)
FN:35,(anonymous_12)
FN:48,(anonymous_13)
FN:55,(anonymous_14)
FN:77,(anonymous_15)
FN:105,(anonymous_16)
FN:122,(anonymous_17)
FN:143,(anonymous_18)
FN:171,(anonymous_19)
FN:180,(anonymous_20)
FN:187,(anonymous_21)
FN:194,(anonymous_22)
FNF:14
FNH:7
FNDA:1,(anonymous_9)
FNDA:1,(anonymous_10)
FNDA:3,(anonymous_11)
FNDA:3,(anonymous_12)
FNDA:5,(anonymous_13)
FNDA:3,(anonymous_14)
FNDA:2,(anonymous_15)
FNDA:0,(anonymous_16)
FNDA:0,(anonymous_17)
FNDA:0,(anonymous_18)
FNDA:0,(anonymous_19)
FNDA:0,(anonymous_20)
FNDA:0,(anonymous_21)
FNDA:0,(anonymous_22)
DA:2,1
DA:3,1
DA:4,1
DA:8,1
DA:13,1
DA:14,1
DA:16,1
DA:23,3
DA:24,3
DA:25,2
DA:27,1
DA:28,1
DA:36,3
DA:37,3
DA:38,2
DA:40,1
DA:41,1
DA:49,5
DA:56,3
DA:57,1
DA:58,1
DA:61,2
DA:62,2
DA:67,1
DA:69,1
DA:70,1
DA:78,2
DA:79,2
DA:95,1
DA:97,1
DA:98,1
DA:106,0
DA:107,0
DA:112,0
DA:114,0
DA:115,0
DA:125,0
DA:126,0
DA:130,0
DA:135,0
DA:136,0
DA:147,0
DA:148,0
DA:150,0
DA:151,0
DA:158,0
DA:160,0
DA:161,0
DA:174,0
DA:181,0
DA:188,0
DA:195,0
DA:199,1
LF:53
LH:32
BRDA:13,0,0,1
BRDA:56,1,0,1
BRDA:112,2,0,0
BRDA:112,2,1,0
BRDA:150,3,0,0
BRDA:150,4,0,0
BRDA:150,4,1,0
BRF:7
BRH:2
end_of_record
TN:
SF:src\services\storage.ts
FN:15,(anonymous_10)
FN:20,(anonymous_11)
FN:28,(anonymous_12)
FN:44,(anonymous_13)
FN:187,(anonymous_14)
FN:212,(anonymous_15)
FN:239,(anonymous_16)
FN:242,(anonymous_17)
FN:250,(anonymous_18)
FN:253,(anonymous_19)
FN:281,(anonymous_20)
FN:306,(anonymous_21)
FN:310,(anonymous_22)
FN:319,(anonymous_23)
FN:338,(anonymous_24)
FN:345,(anonymous_25)
FN:364,(anonymous_26)
FN:382,(anonymous_27)
FN:393,(anonymous_28)
FN:418,(anonymous_29)
FN:441,(anonymous_30)
FN:460,(anonymous_31)
FN:486,(anonymous_32)
FN:508,(anonymous_33)
FN:515,(anonymous_34)
FN:559,(anonymous_35)
FN:569,(anonymous_36)
FN:580,(anonymous_37)
FN:590,(anonymous_38)
FN:600,(anonymous_39)
FN:610,(anonymous_40)
FN:620,(anonymous_41)
FN:633,(anonymous_42)
FN:644,(anonymous_43)
FNF:34
FNH:0
FNDA:0,(anonymous_10)
FNDA:0,(anonymous_11)
FNDA:0,(anonymous_12)
FNDA:0,(anonymous_13)
FNDA:0,(anonymous_14)
FNDA:0,(anonymous_15)
FNDA:0,(anonymous_16)
FNDA:0,(anonymous_17)
FNDA:0,(anonymous_18)
FNDA:0,(anonymous_19)
FNDA:0,(anonymous_20)
FNDA:0,(anonymous_21)
FNDA:0,(anonymous_22)
FNDA:0,(anonymous_23)
FNDA:0,(anonymous_24)
FNDA:0,(anonymous_25)
FNDA:0,(anonymous_26)
FNDA:0,(anonymous_27)
FNDA:0,(anonymous_28)
FNDA:0,(anonymous_29)
FNDA:0,(anonymous_30)
FNDA:0,(anonymous_31)
FNDA:0,(anonymous_32)
FNDA:0,(anonymous_33)
FNDA:0,(anonymous_34)
FNDA:0,(anonymous_35)
FNDA:0,(anonymous_36)
FNDA:0,(anonymous_37)
FNDA:0,(anonymous_38)
FNDA:0,(anonymous_39)
FNDA:0,(anonymous_40)
FNDA:0,(anonymous_41)
FNDA:0,(anonymous_42)
FNDA:0,(anonymous_43)
DA:1,0
DA:2,0
DA:3,0
DA:4,0
DA:16,0
DA:17,0
DA:21,0
DA:22,0
DA:24,0
DA:29,0
DA:30,0
DA:31,0
DA:32,0
DA:35,0
DA:38,0
DA:39,0
DA:51,0
DA:52,0
DA:55,0
DA:58,0
DA:61,0
DA:62,0
DA:63,0
DA:66,0
DA:67,0
DA:68,0
DA:71,0
DA:72,0
DA:76,0
DA:77,0
DA:81,0
DA:82,0
DA:86,0
DA:89,0
DA:90,0
DA:91,0
DA:93,0
DA:94,0
DA:98,0
DA:102,0
DA:103,0
DA:104,0
DA:105,0
DA:108,0
DA:113,0
DA:119,0
DA:120,0
DA:128,0
DA:133,0
DA:139,0
DA:141,0
DA:150,0
DA:161,0
DA:162,0
DA:164,0
DA:166,0
DA:169,0
DA:170,0
DA:178,0
DA:179,0
DA:182,0
DA:188,0
DA:189,0
DA:190,0
DA:192,0
DA:194,0
DA:195,0
DA:197,0
DA:200,0
DA:201,0
DA:202,0
DA:203,0
DA:205,0
DA:206,0
DA:213,0
DA:214,0
DA:216,0
DA:217,0
DA:218,0
DA:219,0
DA:222,0
DA:223,0
DA:225,0
DA:226,0
DA:227,0
DA:230,0
DA:231,0
DA:233,0
DA:234,0
DA:240,0
DA:241,0
DA:242,0
DA:244,0
DA:245,0
DA:251,0
DA:252,0
DA:253,0
DA:255,0
DA:257,0
DA:258,0
DA:259,0
DA:261,0
DA:265,0
DA:266,0
DA:267,0
DA:268,0
DA:273,0
DA:281,0
DA:284,0
DA:285,0
DA:290,0
DA:294,0
DA:297,0
DA:298,0
DA:300,0
DA:301,0
DA:307,0
DA:308,0
DA:309,0
DA:310,0
DA:313,0
DA:314,0
DA:320,0
DA:321,0
DA:322,0
DA:328,0
DA:329,0
DA:339,0
DA:340,0
DA:343,0
DA:344,0
DA:346,0
DA:347,0
DA:349,0
DA:354,0
DA:355,0
DA:357,0
DA:358,0
DA:365,0
DA:367,0
DA:368,0
DA:369,0
DA:370,0
DA:374,0
DA:376,0
DA:377,0
DA:387,0
DA:388,0
DA:389,0
DA:392,0
DA:394,0
DA:395,0
DA:396,0
DA:397,0
DA:398,0
DA:402,0
DA:403,0
DA:406,0
DA:407,0
DA:410,0
DA:412,0
DA:413,0
DA:418,0
DA:419,0
DA:420,0
DA:422,0
DA:425,0
DA:431,0
DA:432,0
DA:442,0
DA:443,0
DA:445,0
DA:446,0
DA:448,0
DA:449,0
DA:450,0
DA:452,0
DA:454,0
DA:455,0
DA:461,0
DA:462,0
DA:464,0
DA:465,0
DA:466,0
DA:469,0
DA:471,0
DA:472,0
DA:473,0
DA:475,0
DA:476,0
DA:477,0
DA:478,0
DA:485,0
DA:487,0
DA:488,0
DA:489,0
DA:490,0
DA:492,0
DA:493,0
DA:496,0
DA:501,0
DA:506,0
DA:513,0
DA:515,0
DA:517,0
DA:518,0
DA:521,0
DA:522,0
DA:527,0
DA:531,0
DA:533,0
DA:539,0
DA:541,0
DA:542,0
DA:543,0
DA:549,0
DA:550,0
DA:560,0
DA:561,0
DA:563,0
DA:564,0
DA:570,0
DA:571,0
DA:572,0
DA:574,0
DA:575,0
DA:581,0
DA:582,0
DA:584,0
DA:591,0
DA:592,0
DA:594,0
DA:595,0
DA:601,0
DA:602,0
DA:604,0
DA:605,0
DA:611,0
DA:612,0
DA:614,0
DA:621,0
DA:622,0
DA:627,0
DA:628,0
DA:634,0
DA:635,0
DA:636,0
DA:638,0
DA:639,0
DA:645,0
DA:647,0
DA:654,0
DA:656,0
DA:657,0
DA:662,0
LF:255
LH:0
BRDA:21,0,0,0
BRDA:31,1,0,0
BRDA:71,2,0,0
BRDA:71,3,0,0
BRDA:71,3,1,0
BRDA:76,4,0,0
BRDA:102,5,0,0
BRDA:108,6,0,0
BRDA:108,6,1,0
BRDA:109,7,0,0
BRDA:109,7,1,0
BRDA:169,8,0,0
BRDA:178,9,0,0
BRDA:178,10,0,0
BRDA:178,10,1,0
BRDA:217,11,0,0
BRDA:225,12,0,0
BRDA:242,13,0,0
BRDA:242,13,1,0
BRDA:255,14,0,0
BRDA:265,15,0,0
BRDA:368,16,0,0
BRDA:397,17,0,0
BRDA:398,18,0,0
BRDA:398,18,1,0
BRDA:402,19,0,0
BRDA:406,20,0,0
BRDA:407,21,0,0
BRDA:407,21,1,0
BRDA:419,22,0,0
BRDA:465,23,0,0
BRDA:475,24,0,0
BRDA:489,25,0,0
BRDA:489,25,1,0
BRDA:513,26,0,0
BRDA:513,26,1,0
BRDA:517,27,0,0
BRDA:572,28,0,0
BRDA:572,28,1,0
BRDA:636,29,0,0
BRDA:636,29,1,0
BRF:41
BRH:0
end_of_record
TN:
SF:src\utils\constants.ts
FNF:0
FNH:0
DA:1,1
DA:4,1
DA:8,1
DA:59,1
DA:78,1
DA:89,1
DA:99,1
DA:131,1
DA:139,1
DA:147,1
DA:153,1
DA:159,1
DA:167,1
DA:174,1
LF:14
LH:14
BRF:0
BRH:0
end_of_record
TN:
SF:src\utils\helpers.ts
FN:6,(anonymous_0)
FN:12,(anonymous_1)
FN:18,(anonymous_2)
FN:27,(anonymous_3)
FN:39,(anonymous_4)
FN:43,(anonymous_5)
FN:49,(anonymous_6)
FN:53,(anonymous_7)
FN:60,(anonymous_8)
FN:64,(anonymous_9)
FN:73,(anonymous_10)
FN:83,(anonymous_11)
FN:90,(anonymous_12)
FN:138,(anonymous_13)
FN:146,(anonymous_14)
FN:173,(anonymous_15)
FN:178,(anonymous_16)
FN:187,(anonymous_17)
FN:202,(anonymous_18)
FN:209,(anonymous_19)
FN:214,(anonymous_20)
FN:216,(anonymous_21)
FN:221,(anonymous_22)
FN:226,(anonymous_23)
FN:230,(anonymous_24)
FN:236,(anonymous_25)
FN:241,(anonymous_26)
FN:257,(anonymous_27)
FN:268,(anonymous_28)
FN:285,(anonymous_29)
FN:293,(anonymous_30)
FN:296,(anonymous_31)
FNF:32
FNH:30
FNDA:0,(anonymous_0)
FNDA:0,(anonymous_1)
FNDA:1,(anonymous_2)
FNDA:1,(anonymous_3)
FNDA:3,(anonymous_4)
FNDA:3,(anonymous_5)
FNDA:2,(anonymous_6)
FNDA:8,(anonymous_7)
FNDA:2,(anonymous_8)
FNDA:8,(anonymous_9)
FNDA:2,(anonymous_10)
FNDA:3,(anonymous_11)
FNDA:1,(anonymous_12)
FNDA:1,(anonymous_13)
FNDA:3,(anonymous_14)
FNDA:3,(anonymous_15)
FNDA:3,(anonymous_16)
FNDA:2,(anonymous_17)
FNDA:1,(anonymous_18)
FNDA:1,(anonymous_19)
FNDA:3,(anonymous_20)
FNDA:1,(anonymous_21)
FNDA:1,(anonymous_22)
FNDA:3,(anonymous_23)
FNDA:1,(anonymous_24)
FNDA:1,(anonymous_25)
FNDA:1,(anonymous_26)
FNDA:3,(anonymous_27)
FNDA:2,(anonymous_28)
FNDA:3,(anonymous_29)
FNDA:2,(anonymous_30)
FNDA:1,(anonymous_31)
DA:1,1
DA:2,1
DA:5,1
DA:6,0
DA:7,0
DA:11,1
DA:12,0
DA:13,0
DA:18,1
DA:19,1
DA:20,1
DA:27,1
DA:28,1
DA:29,1
DA:39,1
DA:40,3
DA:43,1
DA:44,3
DA:45,1
DA:49,1
DA:53,2
DA:54,8
DA:55,8
DA:56,8
DA:60,1
DA:64,2
DA:65,8
DA:66,8
DA:67,8
DA:73,1
DA:79,2
DA:81,1
DA:82,1
DA:84,3
DA:90,1
DA:91,1
DA:92,1
DA:95,1
DA:96,0
DA:100,1
DA:101,1
DA:102,1
DA:103,1
DA:106,0
DA:110,0
DA:111,0
DA:113,0
DA:114,0
DA:115,0
DA:116,0
DA:120,0
DA:121,0
DA:124,0
DA:127,0
DA:128,0
DA:131,0
DA:133,0
DA:134,0
DA:138,1
DA:142,1
DA:146,1
DA:147,3
DA:149,3
DA:150,1
DA:154,2
DA:155,2
DA:156,1
DA:160,1
DA:161,0
DA:165,1
DA:166,1
DA:168,0
DA:173,1
DA:174,3
DA:175,3
DA:178,1
DA:179,3
DA:183,1
DA:184,1
DA:187,1
DA:188,2
DA:190,2
DA:193,0
DA:194,0
DA:195,0
DA:197,0
DA:202,1
DA:209,1
DA:214,1
DA:215,3
DA:216,3
DA:221,1
DA:226,1
DA:227,3
DA:228,1
DA:229,1
DA:230,1
DA:236,1
DA:237,1
DA:241,1
DA:246,1
DA:247,1
DA:249,1
DA:250,1
DA:252,1
DA:253,1
DA:257,1
DA:258,3
DA:260,2
DA:261,2
DA:262,2
DA:264,2
DA:268,1
DA:275,2
DA:276,5
DA:277,5
DA:279,4
DA:281,4
DA:282,1
DA:285,3
DA:289,0
DA:293,1
DA:294,2
DA:296,2
DA:297,1
DA:300,2
LF:126
LH:99
BRDA:5,0,0,0
BRDA:11,1,0,0
BRDA:44,2,0,2
BRDA:51,3,0,0
BRDA:56,4,0,4
BRDA:56,4,1,4
BRDA:62,5,0,0
BRDA:67,6,0,4
BRDA:67,6,1,4
BRDA:79,7,0,1
BRDA:84,8,0,3
BRDA:84,8,1,2
BRDA:95,9,0,0
BRDA:95,10,0,1
BRDA:95,10,1,1
BRDA:102,11,0,1
BRDA:102,12,0,1
BRDA:102,12,1,1
BRDA:120,13,0,0
BRDA:120,14,0,0
BRDA:120,14,1,0
BRDA:127,15,0,0
BRDA:127,16,0,0
BRDA:127,16,1,0
BRDA:140,17,0,0
BRDA:149,18,0,1
BRDA:149,19,0,3
BRDA:149,19,1,2
BRDA:155,20,0,1
BRDA:160,21,0,0
BRDA:227,22,0,1
BRDA:258,23,0,1
BRDA:270,24,0,0
BRDA:271,25,0,0
BRDA:281,26,0,1
BRF:35
BRH:20
end_of_record
